2026-05-19 18:08:40,844 - INFO - 🚀 开始优化版Product Hunt产品分析...
2026-05-19 18:08:40,844 - INFO - 📊 正在获取Product Hunt榜单数据...
2026-05-19 18:08:42,840 - INFO - 正在爬取Product Hunt榜单: https://decohack.com/producthunt-daily-2026-05-18
2026-05-19 18:08:44,514 - INFO - 通过票数符号找到 1 个产品
2026-05-19 18:08:44,518 - INFO - 方法1只提取到 1 个产品，使用HTML解析补充...
2026-05-19 18:08:44,518 - INFO - 找到 36 个h2标题
2026-05-19 18:08:44,521 - INFO - 方法2补充后共有 30 个产品
2026-05-19 18:08:44,522 - INFO - 成功提取 30 个产品信息
2026-05-19 18:08:44,522 - INFO - ✅ 成功获取 30 个产品数据
2026-05-19 18:08:44,522 - INFO - 🧠 开始AI增强产品信息...
2026-05-19 18:08:44,535 - INFO - ✅ 完成产品增强 1/30: OffShelf: Learn & Focus
2026-05-19 18:08:44,536 - INFO - ✅ 完成产品增强 2/30: Files SDK
2026-05-19 18:08:44,536 - INFO - ✅ 完成产品增强 3/30: Vivago Video Agent
2026-05-19 18:08:44,536 - INFO - ✅ 完成产品增强 4/30: SUN-to-Spotify
2026-05-19 18:08:44,536 - INFO - ✅ 完成产品增强 5/30: Fere AI
2026-05-19 18:08:44,536 - INFO - ✅ 完成产品增强 6/30: Kirki
2026-05-19 18:08:44,536 - INFO - ✅ 完成产品增强 7/30: ChessBout
2026-05-19 18:08:44,536 - INFO - ✅ 完成产品增强 8/30: UGO — Autonomous Marketing
2026-05-19 18:08:44,536 - INFO - ✅ 完成产品增强 9/30: CodeBreak
2026-05-19 18:08:44,536 - INFO - ✅ 完成产品增强 10/30: DashBuster
2026-05-19 18:08:44,536 - INFO - ✅ 完成产品增强 11/30: Buy Blocker
2026-05-19 18:08:44,536 - INFO - ✅ 完成产品增强 12/30: SkipTheMid
2026-05-19 18:08:44,536 - INFO - ✅ 完成产品增强 13/30: Mourning
2026-05-19 18:08:44,537 - INFO - ✅ 完成产品增强 14/30: Digital Twin Curators
2026-05-19 18:08:44,537 - INFO - ✅ 完成产品增强 15/30: Ludr AI — Understand Any Screen
2026-05-19 18:08:44,537 - INFO - ✅ 完成产品增强 16/30: Screenshot Beautifier Pro
2026-05-19 18:08:44,537 - INFO - ✅ 完成产品增强 17/30: Been There
2026-05-19 18:08:44,537 - INFO - ✅ 完成产品增强 18/30: FrankKi Briefe schreiben und versenden.
2026-05-19 18:08:44,537 - INFO - ✅ 完成产品增强 19/30: Abakada.org
2026-05-19 18:08:44,537 - INFO - ✅ 完成产品增强 20/30: SnapSub – subscriptions hub
2026-05-19 18:08:44,537 - INFO - ✅ 完成产品增强 21/30: FounderStackHub
2026-05-19 18:08:44,537 - INFO - ✅ 完成产品增强 22/30: Gossipic
2026-05-19 18:08:44,537 - INFO - ✅ 完成产品增强 23/30: Noteshell
2026-05-19 18:08:44,537 - INFO - ✅ 完成产品增强 24/30: Elvixs
2026-05-19 18:08:44,537 - INFO - ✅ 完成产品增强 25/30: TicoAI
2026-05-19 18:08:44,537 - INFO - ✅ 完成产品增强 26/30: TestLaunch Pro
2026-05-19 18:08:44,537 - INFO - ✅ 完成产品增强 27/30: TaskFlow
2026-05-19 18:08:44,537 - INFO - ✅ 完成产品增强 28/30: AppStoreStatistics
2026-05-19 18:08:44,537 - INFO - ✅ 完成产品增强 29/30: Hearless: Convert Whatsapp Voice to Text
2026-05-19 18:08:44,537 - INFO - ✅ 完成产品增强 30/30: Kairivo
2026-05-19 18:08:44,538 - INFO - ✅ 完成产品信息增强，共处理 30 个产品
2026-05-19 18:08:44,538 - INFO - ⭐ 评估产品投资前景...
2026-05-19 18:08:44,538 - INFO - 🏆 前景产品排名:
2026-05-19 18:08:44,538 - INFO -   1. Fere AI (市场潜力: 90/100)
2026-05-19 18:08:44,539 - INFO -   2. SUN-to-Spotify (市场潜力: 80/100)
2026-05-19 18:08:44,539 - INFO -   3. Files SDK (市场潜力: 75/100)
2026-05-19 18:08:44,539 - INFO - 📝 生成优化版分析报告...
2026-05-19 18:08:44,539 - INFO - 🎉 分析完成！报告已保存至: reports/2026-05-19_product_analysis.md
2026-05-19 19:30:56,305 - INFO - 🚀 开始优化版Product Hunt产品分析...
2026-05-19 19:30:56,305 - INFO - 📊 正在获取Product Hunt榜单数据...
2026-05-19 19:30:58,325 - INFO - 正在爬取Product Hunt榜单: https://decohack.com/producthunt-daily-2026-05-18
2026-05-19 19:31:00,859 - INFO - 通过票数符号找到 1 个产品
2026-05-19 19:31:00,862 - INFO - 方法1只提取到 1 个产品，使用HTML解析补充...
2026-05-19 19:31:00,863 - INFO - 找到 36 个h2标题
2026-05-19 19:31:00,866 - INFO - 方法2补充后共有 30 个产品
2026-05-19 19:31:00,866 - INFO - 成功提取 30 个产品信息
2026-05-19 19:31:00,866 - INFO - ✅ 成功获取 30 个产品数据
2026-05-19 19:31:00,866 - INFO - 🧠 开始AI增强产品信息...
2026-05-19 19:31:00,879 - INFO - ✅ 完成产品增强 1/30: Fere AI
2026-05-19 19:31:00,880 - INFO - ✅ 完成产品增强 2/30: OffShelf: Learn & Focus
2026-05-19 19:31:00,880 - INFO - ✅ 完成产品增强 3/30: Files SDK
2026-05-19 19:31:00,880 - INFO - ✅ 完成产品增强 4/30: SUN-to-Spotify
2026-05-19 19:31:00,880 - INFO - ✅ 完成产品增强 5/30: Kirki
2026-05-19 19:31:00,880 - INFO - ✅ 完成产品增强 6/30: Vivago Video Agent
2026-05-19 19:31:00,880 - INFO - ✅ 完成产品增强 7/30: ChessBout
2026-05-19 19:31:00,880 - INFO - ✅ 完成产品增强 8/30: UGO — Autonomous Marketing
2026-05-19 19:31:00,880 - INFO - ✅ 完成产品增强 9/30: CodeBreak
2026-05-19 19:31:00,880 - INFO - ✅ 完成产品增强 10/30: DashBuster
2026-05-19 19:31:00,880 - INFO - ✅ 完成产品增强 11/30: Buy Blocker
2026-05-19 19:31:00,880 - INFO - ✅ 完成产品增强 12/30: SkipTheMid
2026-05-19 19:31:00,880 - INFO - ✅ 完成产品增强 13/30: Mourning
2026-05-19 19:31:00,880 - INFO - ✅ 完成产品增强 14/30: Digital Twin Curators
2026-05-19 19:31:00,880 - INFO - ✅ 完成产品增强 15/30: Ludr AI — Understand Any Screen
2026-05-19 19:31:00,880 - INFO - ✅ 完成产品增强 16/30: Screenshot Beautifier Pro
2026-05-19 19:31:00,880 - INFO - ✅ 完成产品增强 17/30: Been There
2026-05-19 19:31:00,881 - INFO - ✅ 完成产品增强 18/30: FrankKi Briefe schreiben und versenden.
2026-05-19 19:31:00,881 - INFO - ✅ 完成产品增强 19/30: Abakada.org
2026-05-19 19:31:00,881 - INFO - ✅ 完成产品增强 20/30: SnapSub – subscriptions hub
2026-05-19 19:31:00,881 - INFO - ✅ 完成产品增强 21/30: FounderStackHub
2026-05-19 19:31:00,881 - INFO - ✅ 完成产品增强 22/30: Gossipic
2026-05-19 19:31:00,881 - INFO - ✅ 完成产品增强 23/30: Noteshell
2026-05-19 19:31:00,881 - INFO - ✅ 完成产品增强 24/30: Elvixs
2026-05-19 19:31:00,881 - INFO - ✅ 完成产品增强 25/30: TicoAI
2026-05-19 19:31:00,881 - INFO - ✅ 完成产品增强 26/30: TestLaunch Pro
2026-05-19 19:31:00,881 - INFO - ✅ 完成产品增强 27/30: TaskFlow
2026-05-19 19:31:00,881 - INFO - ✅ 完成产品增强 28/30: AppStoreStatistics
2026-05-19 19:31:00,881 - INFO - ✅ 完成产品增强 29/30: Hearless: Convert Whatsapp Voice to Text
2026-05-19 19:31:00,881 - INFO - ✅ 完成产品增强 30/30: Kairivo
2026-05-19 19:31:00,881 - INFO - ✅ 完成产品信息增强，共处理 30 个产品
2026-05-19 19:31:00,881 - INFO - ⭐ 评估产品投资前景...
2026-05-19 19:31:00,881 - INFO - 🏆 前景产品排名:
2026-05-19 19:31:00,881 - INFO -   1. Fere AI (市场潜力: 90/100)
2026-05-19 19:31:00,881 - INFO -   2. SUN-to-Spotify (市场潜力: 80/100)
2026-05-19 19:31:00,881 - INFO -   3. Files SDK (市场潜力: 75/100)
2026-05-19 19:31:00,881 - INFO - 📝 生成优化版分析报告...
2026-05-19 19:31:00,882 - INFO - 🎉 分析完成！报告已保存至: reports/2026-05-19_product_analysis.md
